<?xml version="1.0" encoding="UTF-8"?>
<testsuite name="TestSuite" time="1.076" tests="7" errors="0" skipped="0" failures="0">
  <properties>
    <property name="java.runtime.name" value="Java(TM) SE Runtime Environment"/>
    <property name="sun.boot.library.path" value="D:\InstalledApps\Java\jdk1.6.0_34\jre\bin"/>
    <property name="java.vm.version" value="20.9-b04"/>
    <property name="java.vm.vendor" value="Sun Microsystems Inc."/>
    <property name="java.vendor.url" value="http://java.sun.com/"/>
    <property name="path.separator" value=";"/>
    <property name="guice.disable.misplaced.annotation.check" value="true"/>
    <property name="java.vm.name" value="Java HotSpot(TM) Client VM"/>
    <property name="file.encoding.pkg" value="sun.io"/>
    <property name="user.country" value="CN"/>
    <property name="sun.java.launcher" value="SUN_STANDARD"/>
    <property name="sun.os.patch.level" value=""/>
    <property name="java.vm.specification.name" value="Java Virtual Machine Specification"/>
    <property name="user.dir" value="D:\workspace\brevy"/>
    <property name="java.runtime.version" value="1.6.0_34-b04"/>
    <property name="java.awt.graphicsenv" value="sun.awt.Win32GraphicsEnvironment"/>
    <property name="java.endorsed.dirs" value="D:\InstalledApps\Java\jdk1.6.0_34\jre\lib\endorsed"/>
    <property name="os.arch" value="x86"/>
    <property name="java.io.tmpdir" value="C:\Users\dell\AppData\Local\Temp\"/>
    <property name="line.separator" value="&#10;"/>
    <property name="java.vm.specification.vendor" value="Sun Microsystems Inc."/>
    <property name="user.variant" value=""/>
    <property name="os.name" value="Windows 7"/>
    <property name="classworlds.conf" value="D:\workspace\.metadata\.plugins\org.maven.ide.eclipse\launches\m2conf4104894570500937529.tmp"/>
    <property name="sun.jnu.encoding" value="GBK"/>
    <property name="java.library.path" value="D:\InstalledApps\Java\jdk1.6.0_34\bin;C:\Windows\Sun\Java\bin;C:\Windows\system32;C:\Windows;C:\Program Files\Common Files\Microsoft Shared\Windows Live;C:\Windows\system32;C:\Windows;C:\Windows\System32\Wbem;C:\Windows\System32\WindowsPowerShell\v1.0\;D:\InstalledApps\Java\jdk1.6.0_34\bin;D:\InstalledApps\TortoiseSVN\bin;D:\InstalledApps\apache-maven-3.0.5\bin;D:\InstalledApps\apache-ant-1.8.4\bin;D:\InstalledApps\curl-7.28.1-devel-mingw32\bin;C:\strawberry\c\bin;C:\strawberry\perl\bin;C:\Program Files\Windows Live\Shared;D:\InstalledApps\protobuf\bin;D:\InstalledApps\Subversion\bin;."/>
    <property name="java.specification.name" value="Java Platform API Specification"/>
    <property name="java.class.version" value="50.0"/>
    <property name="sun.management.compiler" value="HotSpot Client Compiler"/>
    <property name="os.version" value="6.1"/>
    <property name="user.home" value="C:\Users\dell"/>
    <property name="user.timezone" value="Asia/Shanghai"/>
    <property name="java.awt.printerjob" value="sun.awt.windows.WPrinterJob"/>
    <property name="file.encoding" value="UTF-8"/>
    <property name="java.specification.version" value="1.6"/>
    <property name="user.name" value="dell"/>
    <property name="java.class.path" value="D:\InstalledApps\apache-maven-3.0.5\boot\plexus-classworlds-2.4.jar"/>
    <property name="java.vm.specification.version" value="1.0"/>
    <property name="sun.arch.data.model" value="32"/>
    <property name="java.home" value="D:\InstalledApps\Java\jdk1.6.0_34\jre"/>
    <property name="sun.java.command" value="org.codehaus.plexus.classworlds.launcher.Launcher -B -s D:\InstalledApps\apache-maven-3.0.5\conf\settings.xml package"/>
    <property name="java.specification.vendor" value="Sun Microsystems Inc."/>
    <property name="user.language" value="zh"/>
    <property name="awt.toolkit" value="sun.awt.windows.WToolkit"/>
    <property name="java.vm.info" value="mixed mode, sharing"/>
    <property name="java.version" value="1.6.0_34"/>
    <property name="java.ext.dirs" value="D:\InstalledApps\Java\jdk1.6.0_34\jre\lib\ext;C:\Windows\Sun\Java\lib\ext"/>
    <property name="sun.boot.class.path" value="D:\InstalledApps\Java\jdk1.6.0_34\jre\lib\resources.jar;D:\InstalledApps\Java\jdk1.6.0_34\jre\lib\rt.jar;D:\InstalledApps\Java\jdk1.6.0_34\jre\lib\sunrsasign.jar;D:\InstalledApps\Java\jdk1.6.0_34\jre\lib\jsse.jar;D:\InstalledApps\Java\jdk1.6.0_34\jre\lib\jce.jar;D:\InstalledApps\Java\jdk1.6.0_34\jre\lib\charsets.jar;D:\InstalledApps\Java\jdk1.6.0_34\jre\lib\modules\jdk.boot.jar;D:\InstalledApps\Java\jdk1.6.0_34\jre\classes"/>
    <property name="java.vendor" value="Sun Microsystems Inc."/>
    <property name="maven.home" value="D:\InstalledApps\apache-maven-3.0.5"/>
    <property name="file.separator" value="\"/>
    <property name="java.vendor.url.bug" value="http://java.sun.com/cgi-bin/bugreport.cgi"/>
    <property name="sun.cpu.endian" value="little"/>
    <property name="sun.io.unicode.encoding" value="UnicodeLittle"/>
    <property name="sun.desktop" value="windows"/>
    <property name="sun.cpu.isalist" value="pentium_pro+mmx pentium_pro pentium+mmx pentium i486 i386 i86"/>
  </properties>
  <testcase name="calculateAdd" classname="com.brevy.spring.cxf.ws.service.fc.calculator.CalculatorWSTestcase" time="0.703"/>
  <testcase name="calculateDivide" classname="com.brevy.spring.cxf.ws.service.fc.calculator.CalculatorWSTestcase" time="0.015"/>
  <testcase name="calculateMinus" classname="com.brevy.spring.cxf.ws.service.fc.calculator.CalculatorWSTestcase" time="0.016"/>
  <testcase name="calculateMultiply" classname="com.brevy.spring.cxf.ws.service.fc.calculator.CalculatorWSTestcase" time="0.031"/>
  <testcase name="jmsCalculateAdd" classname="com.brevy.spring.cxf.ws.service.fc.calculator.CalculatorWSTestcase" time="0.187"/>
  <testcase name="convert" classname="com.brevy.spring.cxf.ws.service.fc.converter.ConverterWSTestcase" time="0.015"/>
  <testcase name="createFormula" classname="com.brevy.spring.cxf.ws.service.fc.formula.FormulaWSTestcase" time="0.109"/>
</testsuite>