<?xml version="1.0" encoding="UTF-8"?>
<!-- Generated by org.testng.reporters.JUnitReportReporter -->
<testsuite hostname="IH872" name="com.brevy.fw.common.pattern.chain.ChainPatternTestcase" tests="1" failures="0" timestamp="24 Jul 2013 07:01:38 GMT" time="0.016" errors="0">
  <testcase name="executeActionFlow" time="0.016" classname="com.brevy.fw.common.pattern.chain.ChainPatternTestcase"/>
</testsuite> <!-- com.brevy.fw.common.pattern.chain.ChainPatternTestcase -->
