<?xml version="1.0" encoding="UTF-8"?>
<!-- Generated by org.testng.reporters.JUnitReportReporter -->
<testsuite hostname="IH872" name="com.brevy.fw.common.util.JsonUtilsTestcase" tests="1" failures="0" timestamp="5 Aug 2013 02:11:32 GMT" time="1.872" errors="0">
  <testcase name="TESTA" time="1.872" classname="com.brevy.fw.common.util.JsonUtilsTestcase"/>
</testsuite> <!-- com.brevy.fw.common.util.JsonUtilsTestcase -->
