<?xml version="1.0" encoding="UTF-8"?>
<!-- Generated by org.testng.reporters.JUnitReportReporter -->
<testsuite hostname="IH872" name="com.brevy.spring.cxf.ws.service.fc.calculator.CalculatorWSTestcase" tests="5" failures="0" timestamp="27 Jun 2013 03:19:09 GMT" time="0.968" errors="0">
  <testcase name="jmsCalculateAdd" time="0.203" classname="com.brevy.spring.cxf.ws.service.fc.calculator.CalculatorWSTestcase"/>
  <testcase name="calculateMultiply" time="0.031" classname="com.brevy.spring.cxf.ws.service.fc.calculator.CalculatorWSTestcase"/>
  <testcase name="calculateAdd" time="0.703" classname="com.brevy.spring.cxf.ws.service.fc.calculator.CalculatorWSTestcase"/>
  <testcase name="calculateMinus" time="0.016" classname="com.brevy.spring.cxf.ws.service.fc.calculator.CalculatorWSTestcase"/>
  <testcase name="calculateDivide" time="0.015" classname="com.brevy.spring.cxf.ws.service.fc.calculator.CalculatorWSTestcase"/>
</testsuite> <!-- com.brevy.spring.cxf.ws.service.fc.calculator.CalculatorWSTestcase -->
