<?xml version="1.0" encoding="UTF-8"?>
<!-- Generated by org.testng.reporters.JUnitReportReporter -->
<testsuite hostname="IH872" name="com.brevy.spring.cxf.ws.service.fc.formula.FormulaWSTestcase" tests="1" failures="0" timestamp="27 Jun 2013 03:19:09 GMT" time="0.109" errors="0">
  <testcase name="createFormula" time="0.109" classname="com.brevy.spring.cxf.ws.service.fc.formula.FormulaWSTestcase"/>
</testsuite> <!-- com.brevy.spring.cxf.ws.service.fc.formula.FormulaWSTestcase -->
