<?xml version="1.0" encoding="UTF-8"?>
<!-- Generated by org.testng.reporters.JUnitReportReporter -->
<testsuite hostname="IH872" name="com.brevy.spring.cxf.ws.service.fc.converter.ConverterWSTestcase" tests="1" failures="0" timestamp="8 Jun 2013 01:16:40 GMT" time="0.015" errors="0">
  <testcase name="convert" time="0.015" classname="com.brevy.spring.cxf.ws.service.fc.converter.ConverterWSTestcase"/>
</testsuite> <!-- com.brevy.spring.cxf.ws.service.fc.converter.ConverterWSTestcase -->
