<?xml version="1.0" encoding="UTF-8"?>
<!-- Generated by org.testng.reporters.JUnitReportReporter -->
<testsuite hostname="IH872" name="com.brevy.spring.cxf.ws.service.fc.calculator.CalculatorWSTestcase" tests="1" failures="0" timestamp="24 Jun 2013 06:52:51 GMT" time="0.422" errors="0">
  <testcase name="calculateAdd" time="0.422" classname="com.brevy.spring.cxf.ws.service.fc.calculator.CalculatorWSTestcase"/>
</testsuite> <!-- com.brevy.spring.cxf.ws.service.fc.calculator.CalculatorWSTestcase -->
