<?xml version="1.0" encoding="UTF-8"?>
<!-- Generated by org.testng.reporters.JUnitReportReporter -->
<testsuite hostname="IH872" name="com.brevy.spring.cxf.ws.service.fc.formula.CalculatorWSTestcase" tests="1" failures="0" timestamp="5 Jun 2013 09:27:20 GMT" time="0.234" errors="0">
  <testcase name="convert" time="0.234" classname="com.brevy.spring.cxf.ws.service.fc.formula.CalculatorWSTestcase"/>
</testsuite> <!-- com.brevy.spring.cxf.ws.service.fc.formula.CalculatorWSTestcase -->
